{"ts":1697103791198,"action":"PROJECT_OPENED","tags":{"PROJECT_NAME":"projektowanie.oprogramowania"}}
{"ts":1697103800889,"action":"FILE_OPENED","file":"/example.html","tags":{"FILE_LINE_OF_CODE":"0"}}
{"ts":1697103804452,"action":"IDE_DEACTIVATED"}
{"ts":1697103821403,"action":"IDE_ACTIVATED"}
{"ts":1697103830737,"action":"IDE_DEACTIVATED"}
{"ts":1697103851457,"action":"IDE_ACTIVATED"}
{"ts":1697103858853,"action":"IDE_DEACTIVATED"}
{"ts":1697103864709,"action":"IDE_ACTIVATED"}
{"ts":1697103881398,"action":"IDE_DEACTIVATED"}
{"ts":1697103900918,"action":"IDE_ACTIVATED"}
{"ts":1697103902673,"action":"IDE_DEACTIVATED"}
{"ts":1697103932155,"action":"IDE_ACTIVATED"}
{"ts":1697103935192,"action":"IDE_DEACTIVATED"}
{"ts":1697104139200,"action":"IDE_ACTIVATED"}
{"ts":1697104141292,"action":"IDE_DEACTIVATED"}
{"ts":1697104208542,"action":"IDE_ACTIVATED"}
{"ts":1697104221867,"action":"IDE_DEACTIVATED"}
{"ts":1697104272716,"action":"IDE_ACTIVATED"}
{"ts":1697104278548,"action":"IDE_DEACTIVATED"}
{"ts":1697104278548,"action":"IDE_ACTIVATED"}
{"ts":1697104290367,"action":"IDE_DEACTIVATED"}
{"ts":1697104497223,"action":"IDE_ACTIVATED"}
{"ts":1697104505350,"action":"IDE_DEACTIVATED"}
{"ts":1697104505371,"action":"PROJECT_CLOSED","tags":{"PROJECT_NAME":"projektowanie.oprogramowania"}}
{"ts":1697110746838,"action":"PROJECT_OPENED","tags":{"PROJECT_NAME":"projektowanie.oprogramowania"}}
{"ts":1697110755502,"action":"PROJECT_CLOSED","tags":{"PROJECT_NAME":"projektowanie.oprogramowania"}}
