{"ts":1697287375125,"action":"PROJECT_OPENED","tags":{"PROJECT_NAME":"sandbox"}}
{"ts":1697287375345,"action":"FILE_OPENED","file":"/src/main/kotlin/Main.kt","tags":{"FILE_LINE_OF_CODE":"7"}}
{"ts":1697287435850,"action":"IDE_DEACTIVATED"}
{"ts":1697287457498,"action":"IDE_ACTIVATED"}
{"ts":1697287458450,"action":"IDE_DEACTIVATED"}
{"ts":1697287888222,"action":"IDE_ACTIVATED"}
{"ts":1697287889440,"action":"IDE_DEACTIVATED"}
{"ts":1697287909104,"action":"IDE_ACTIVATED"}
{"ts":1697287909833,"action":"IDE_DEACTIVATED"}
{"ts":1697288359607,"action":"IDE_ACTIVATED"}
{"ts":1697288360841,"action":"IDE_DEACTIVATED"}
{"ts":1697288478773,"action":"IDE_ACTIVATED"}
{"ts":1697288479854,"action":"IDE_DEACTIVATED"}
{"ts":1697290913045,"action":"IDE_ACTIVATED"}
{"ts":1697290916307,"action":"IDE_DEACTIVATED"}
{"ts":1697291023997,"action":"IDE_ACTIVATED"}
{"ts":1697291074633,"action":"IDE_DEACTIVATED"}
{"ts":1697291083028,"action":"IDE_ACTIVATED"}
{"ts":1697291084677,"action":"IDE_DEACTIVATED"}
{"ts":1697291087542,"action":"IDE_ACTIVATED"}
{"ts":1697291149376,"action":"IDE_DEACTIVATED"}
{"ts":1697291169694,"action":"IDE_ACTIVATED"}
{"ts":1697291170982,"action":"IDE_DEACTIVATED"}
{"ts":1697291183860,"action":"IDE_ACTIVATED"}
{"ts":1697291586931,"action":"IDE_DEACTIVATED"}
{"ts":1697291612632,"action":"IDE_ACTIVATED"}
{"ts":1697291629435,"action":"IDE_DEACTIVATED"}
{"ts":1697291635334,"action":"IDE_ACTIVATED"}
{"ts":1697291636865,"action":"IDE_DEACTIVATED"}
{"ts":1697291638678,"action":"IDE_ACTIVATED"}
{"ts":1697291639279,"action":"IDE_DEACTIVATED"}
{"ts":1697291641144,"action":"IDE_ACTIVATED"}
{"ts":1697291650119,"action":"IDE_DEACTIVATED"}
{"ts":1697291660398,"action":"IDE_ACTIVATED"}
{"ts":1697291661159,"action":"IDE_DEACTIVATED"}
{"ts":1697291666081,"action":"IDE_ACTIVATED"}
{"ts":1697291675857,"action":"IDE_DEACTIVATED"}
{"ts":1697291682195,"action":"IDE_ACTIVATED"}
{"ts":1697291686806,"action":"IDE_DEACTIVATED"}
{"ts":1697291688409,"action":"IDE_ACTIVATED"}
{"ts":1697291700887,"action":"IDE_DEACTIVATED"}
{"ts":1697291702615,"action":"IDE_ACTIVATED"}
{"ts":1697291776663,"action":"IDE_DEACTIVATED"}
{"ts":1697291782144,"action":"IDE_ACTIVATED"}
{"ts":1697292740749,"action":"IDE_DEACTIVATED"}
{"ts":1697292808187,"action":"IDE_ACTIVATED"}
{"ts":1697293006543,"action":"IDE_DEACTIVATED"}
{"ts":1697293025174,"action":"IDE_ACTIVATED"}
{"ts":1697293147173,"action":"IDE_DEACTIVATED"}
{"ts":1697293170788,"action":"IDE_ACTIVATED"}
{"ts":1697293184612,"action":"IDE_DEACTIVATED"}
{"ts":1697293190670,"action":"IDE_ACTIVATED"}
{"ts":1697293439970,"action":"IDE_DEACTIVATED"}
{"ts":1697293445471,"action":"IDE_ACTIVATED"}
{"ts":1697293450314,"action":"IDE_DEACTIVATED"}
{"ts":1697293458452,"action":"IDE_ACTIVATED"}
{"ts":1697293665219,"action":"IDE_DEACTIVATED"}
{"ts":1697293682654,"action":"IDE_ACTIVATED"}
{"ts":1697293847046,"action":"IDE_DEACTIVATED"}
{"ts":1697293854221,"action":"IDE_ACTIVATED"}
{"ts":1697293861448,"action":"IDE_DEACTIVATED"}
{"ts":1697293890143,"action":"IDE_ACTIVATED"}
{"ts":1697293923245,"action":"IDE_DEACTIVATED"}
{"ts":1697293927674,"action":"IDE_ACTIVATED"}
{"ts":1697293937279,"action":"IDE_DEACTIVATED"}
{"ts":1697294861828,"action":"IDE_ACTIVATED"}
{"ts":1697294868161,"action":"IDE_DEACTIVATED"}
{"ts":1697294873941,"action":"IDE_ACTIVATED"}
{"ts":1697294873960,"action":"FILE_CLOSED","file":"/src/main/kotlin/Main.kt","tags":{"FILE_LINE_OF_CODE":"61"}}
{"ts":1697294946090,"action":"IDE_DEACTIVATED"}
{"ts":1697295015192,"action":"IDE_ACTIVATED"}
{"ts":1697295021768,"action":"IDE_DEACTIVATED"}
{"ts":1697303227088,"action":"IDE_ACTIVATED"}
{"ts":1697303238480,"action":"PROJECT_CLOSED","tags":{"PROJECT_NAME":"sandbox"}}
